#
# A fatal error has been detected by the Java Runtime Environment:
#
#  EXCEPTION_ACCESS_VIOLATION (0xc0000005) at pc=0x00007ff8e53e305f, pid=1488, tid=15264
#
# JRE version: Java(TM) SE Runtime Environment 18.9 (11.0.20+9) (build 11.0.20+9-LTS-256)
# Java VM: Java HotSpot(TM) 64-Bit Server VM 18.9 (11.0.20+9-LTS-256, mixed mode, tiered, compressed oops, g1 gc, windows-amd64)
# Problematic frame:
# V  [jvm.dll+0x65305f]
#
# No core dump will be written. Minidumps are not enabled by default on client versions of Windows
#
# If you would like to submit a bug report, please visit:
#   https://bugreport.java.com/bugreport/crash.jsp
#

---------------  S U M M A R Y ------------

Command Line: -XX:+IgnoreUnrecognizedVMOptions -Xms128m -Xmx2048m -Dsun.io.useCanonCaches=false -Dsun.java2d.metal=true -Djbr.catch.SIGABRT=true -Djdk.http.auth.tunneling.disabledSchemes="" -Djdk.attach.allowAttachSelf=true -Djdk.module.illegalAccess.silent=true -Dkotlinx.coroutines.debug=off -Xmx2048m -Dconsole.encoding=UTF-8 -Dfile.encoding=UTF-8 -Djna.boot.library.path=C:\Program Files\JetBrains\IntelliJ IDEA 2023.2/lib/jna/amd64 -Dpty4j.preferred.native.folder=C:\Program Files\JetBrains\IntelliJ IDEA 2023.2/lib/pty4j -Djna.nosys=true -Djna.noclasspath=true -Dsplash=true -Daether.connector.resumeDownloads=false -Dide.native.launcher=true -Djcef.sandbox.ptr=000002D3CC9E4160 -ea -javaagent:C:\Users\Користувач\AppData\Roaming\JetBrains\IntelliJIdea2023.2\plugins\diffblue-cover-ij\lib\launcher-2023.11.02-shared-jar.jar -Dlogback.configurationFile=C:\Users\BB3F~1\AppData\Local\Temp\diffblue\config\logback-remote-service.xml -Dcom.diffblue.springIsolationJar=C:\Users\Користувач\AppData\Roaming\JetBrains\IntelliJIdea2023.2\plugins\diffblue-cover-ij\META-INF\cover-isolation-layer-2023.11.02.jar -Dcover.jar.path=C:\Users\Користувач\AppData\Roaming\JetBrains\IntelliJIdea2023.2\plugins\diffblue-cover-ij\META-INF\cover-service-analyzer-2023.11.02.jar -Dcom.diffblue.assertionSuggestionJar=C:\Users\Користувач\AppData\Roaming\JetBrains\IntelliJIdea2023.2\plugins\diffblue-cover-ij\META-INF\cover-service-analyzer-2023.11.02.jar -Dcover.main.class=com.diffblue.cover.service.analyzer.Main C:\Users\Користувач\AppData\Roaming\JetBrains\IntelliJIdea2023.2\plugins\diffblue-cover-ij\lib\launcher-2023.11.02-shared-jar.jar --service-lifespan 1800 --monitoring-service-port 51589 --debug-log

Host: 11th Gen Intel(R) Core(TM) i3-1115G4 @ 3.00GHz, 4 cores, 7G,  Windows 10 , 64 bit Build 19041 (10.0.19041.3636)
Time: Fri Nov 24 20:09:58 2023  Windows 10 , 64 bit Build 19041 (10.0.19041.3636) elapsed time: 0.137011 seconds (0d 0h 0m 0s)

---------------  T H R E A D  ---------------

Current thread (0x0000018b5e780000):  JavaThread "main" [_thread_in_vm, id=15264, stack(0x00000008b2d00000,0x00000008b2e00000)]

Stack: [0x00000008b2d00000,0x00000008b2e00000],  sp=0x00000008b2dff5c8,  free space=1021k
Native frames: (J=compiled Java code, j=interpreted, Vv=VM code, C=native code)
V  [jvm.dll+0x65305f]


siginfo: EXCEPTION_ACCESS_VIOLATION (0xc0000005), reading address 0xffffffffffffffff


Register to memory mapping:

RIP=0x00007ff8e53e305f jvm.dll
RAX=0x0072006f006d002f is an unknown value
RBX=0x00000008b2dff660 is pointing into the stack for thread: 0x0000018b5e780000
RCX=0x00000008b2dff5f0 is pointing into the stack for thread: 0x0000018b5e780000
RDX=0x0072006f006d0020 is an unknown value
RSP=0x00000008b2dff5c8 is pointing into the stack for thread: 0x0000018b5e780000
RBP=0x0000018b5e780be0 points into unknown readable memory: 0x0072006f006d0020 | 20 00 6d 00 6f 00 72 00
RSI=0x0 is NULL
RDI=0x0 is NULL
R8 =0x00007ff8e53effa0 jvm.dll
R9 =0x0000000000000003 is an unknown value
R10=0x0000018b5c675a70 points into unknown readable memory: 0x0000018b5e78e180 | 80 e1 78 5e 8b 01 00 00
R11=0x00000008b2dff5f0 is pointing into the stack for thread: 0x0000018b5e780000
R12=0x0000018b7cbf1b90 points into unknown readable memory: 0x0000000087edf468 | 68 f4 ed 87 00 00 00 00
R13=0x0000000000000010 is an unknown value
R14=0x0000018b5e780fb8 points into unknown readable memory: 0x10030f37043c97a5 | a5 97 3c 04 37 0f 03 10
R15=0x00000000000003d8 is an unknown value


Registers:
RAX=0x0072006f006d002f, RBX=0x00000008b2dff660, RCX=0x00000008b2dff5f0, RDX=0x0072006f006d0020
RSP=0x00000008b2dff5c8, RBP=0x0000018b5e780be0, RSI=0x0000000000000000, RDI=0x0000000000000000
R8 =0x00007ff8e53effa0, R9 =0x0000000000000003, R10=0x0000018b5c675a70, R11=0x00000008b2dff5f0
R12=0x0000018b7cbf1b90, R13=0x0000000000000010, R14=0x0000018b5e780fb8, R15=0x00000000000003d8
RIP=0x00007ff8e53e305f, EFLAGS=0x0000000000010203

Top of Stack: (sp=0x00000008b2dff5c8)
0x00000008b2dff5c8:   00007ff8e53f0077 0000000000000008
0x00000008b2dff5d8:   0000018b7bf4e7f0 0000018b5e777901
0x00000008b2dff5e8:   0000018b5e780000 00000008b2dff5d0
0x00000008b2dff5f8:   00007ff8e53effa0 0000000000000000
0x00000008b2dff608:   0000018b00000000 0072006f006d0020
0x00000008b2dff618:   00000008b2dff5d0 0000018b5e780bd0
0x00000008b2dff628:   00007ff8e54f5351 0000018b5c6616c0
0x00000008b2dff638:   0000018b5e780000 0000018b5e780000
0x00000008b2dff648:   0000018b7bf4e828 0000018b5e777901
0x00000008b2dff658:   00007ff93330396f 0000018b5e780348
0x00000008b2dff668:   0000000000000000 0000018b7bf65620
0x00000008b2dff678:   0000018b7bf4e828 0000000000000000
0x00000008b2dff688:   0000000000000000 000073f07c3eec55
0x00000008b2dff698:   00007ff9333049a4 0000018b5e780000
0x00000008b2dff6a8:   00007ff8e53f2420 0000018b5e780348
0x00000008b2dff6b8:   0000018b5e7779b0 0000000000000008 

Instructions: (pc=0x00007ff8e53e305f)
0x00007ff8e53e303f:   cc f6 01 03 75 42 48 8b 51 20 f6 c2 07 75 39 48
0x00007ff8e53e304f:   8d 42 10 a8 03 75 31 48 ff c8 48 83 f8 fd 77 28
0x00007ff8e53e305f:   48 8b 0a f6 c1 07 75 20 48 8d 41 ff 48 83 f8 fd
0x00007ff8e53e306f:   77 16 48 3b ca 74 11 72 0f 48 2b ca 48 81 f9 00 


Stack slot to memory mapping:
stack at sp + 0 slots: 0x00007ff8e53f0077 jvm.dll
stack at sp + 1 slots: 0x0000000000000008 is an unknown value
stack at sp + 2 slots: 0x0000018b7bf4e7f0 points into unknown readable memory: 0x0000000087f06940 | 40 69 f0 87 00 00 00 00
stack at sp + 3 slots: 0x0000018b5e777901 points into unknown readable memory: 00 00 00 00 00 00 00
stack at sp + 4 slots: 0x0000018b5e780000 is a thread
stack at sp + 5 slots: 0x00000008b2dff5d0 is pointing into the stack for thread: 0x0000018b5e780000
stack at sp + 6 slots: 0x00007ff8e53effa0 jvm.dll
stack at sp + 7 slots: 0x0 is NULL


---------------  P R O C E S S  ---------------

Threads class SMR info:
_java_thread_list=0x0000018b7ca25120, length=10, elements={
0x0000018b5e780000, 0x0000018b7bf50000, 0x0000018b7bf5a000, 0x0000018b7bf6c000,
0x0000018b7bf6c800, 0x0000018b7bf6d800, 0x0000018b7bf6f800, 0x0000018b7bf7f000,
0x0000018b7bf9d800, 0x0000018b7ca28000
}

Java Threads: ( => current thread )
=>0x0000018b5e780000 JavaThread "main" [_thread_in_vm, id=15264, stack(0x00000008b2d00000,0x00000008b2e00000)]
  0x0000018b7bf50000 JavaThread "Reference Handler" daemon [_thread_blocked, id=13324, stack(0x00000008b3400000,0x00000008b3500000)]
  0x0000018b7bf5a000 JavaThread "Finalizer" daemon [_thread_blocked, id=4348, stack(0x00000008b3500000,0x00000008b3600000)]
  0x0000018b7bf6c000 JavaThread "Signal Dispatcher" daemon [_thread_blocked, id=12656, stack(0x00000008b3600000,0x00000008b3700000)]
  0x0000018b7bf6c800 JavaThread "Attach Listener" daemon [_thread_blocked, id=14676, stack(0x00000008b3700000,0x00000008b3800000)]
  0x0000018b7bf6d800 JavaThread "Service Thread" daemon [_thread_blocked, id=10392, stack(0x00000008b3800000,0x00000008b3900000)]
  0x0000018b7bf6f800 JavaThread "C2 CompilerThread0" daemon [_thread_blocked, id=4136, stack(0x00000008b3900000,0x00000008b3a00000)]
  0x0000018b7bf7f000 JavaThread "C1 CompilerThread0" daemon [_thread_blocked, id=12012, stack(0x00000008b3a00000,0x00000008b3b00000)]
  0x0000018b7bf9d800 JavaThread "Sweeper thread" daemon [_thread_blocked, id=15448, stack(0x00000008b3b00000,0x00000008b3c00000)]
  0x0000018b7ca28000 JavaThread "Common-Cleaner" daemon [_thread_blocked, id=16140, stack(0x00000008b3c00000,0x00000008b3d00000)]

Other Threads:
  0x0000018b7bf4d800 VMThread "VM Thread" [stack: 0x00000008b3300000,0x00000008b3400000] [id=3408]
  0x0000018b5e798800 GCTaskThread "GC Thread#0" [stack: 0x00000008b2e00000,0x00000008b2f00000] [id=6072]
  0x0000018b5e7c9800 ConcurrentGCThread "G1 Main Marker" [stack: 0x00000008b2f00000,0x00000008b3000000] [id=8024]
  0x0000018b5e7cb800 ConcurrentGCThread "G1 Conc#0" [stack: 0x00000008b3000000,0x00000008b3100000] [id=15948]
  0x0000018b5e85a800 ConcurrentGCThread "G1 Refine#0" [stack: 0x00000008b3100000,0x00000008b3200000] [id=6928]
  0x0000018b5e85b800 ConcurrentGCThread "G1 Young RemSet Sampling" [stack: 0x00000008b3200000,0x00000008b3300000] [id=6672]

Threads with active compile tasks:

VM state:not at safepoint (normal execution)

VM Mutex/Monitor currently owned by a thread: None

Heap address: 0x0000000080000000, size: 2048 MB, Compressed Oops mode: 32-bit
Narrow klass base: 0x0000000000000000, Narrow klass shift: 3
Compressed class space size: 1073741824 Address: 0x0000000100000000

Heap:
 garbage-first heap   total 131072K, used 1024K [0x0000000080000000, 0x0000000100000000)
  region size 1024K, 2 young (2048K), 0 survivors (0K)
 Metaspace       used 5864K, capacity 5961K, committed 6272K, reserved 1056768K
  class space    used 509K, capacity 536K, committed 640K, reserved 1048576K
Heap Regions: E=young(eden), S=young(survivor), O=old, HS=humongous(starts), HC=humongous(continues), CS=collection set, F=free, A=archive, TAMS=top-at-mark-start (previous, next)
|   0|0x0000000080000000, 0x0000000080000000, 0x0000000080100000|  0%| F|  |TAMS 0x0000000080000000, 0x0000000080000000| Untracked 
|   1|0x0000000080100000, 0x0000000080100000, 0x0000000080200000|  0%| F|  |TAMS 0x0000000080100000, 0x0000000080100000| Untracked 
|   2|0x0000000080200000, 0x0000000080200000, 0x0000000080300000|  0%| F|  |TAMS 0x0000000080200000, 0x0000000080200000| Untracked 
|   3|0x0000000080300000, 0x0000000080300000, 0x0000000080400000|  0%| F|  |TAMS 0x0000000080300000, 0x0000000080300000| Untracked 
|   4|0x0000000080400000, 0x0000000080400000, 0x0000000080500000|  0%| F|  |TAMS 0x0000000080400000, 0x0000000080400000| Untracked 
|   5|0x0000000080500000, 0x0000000080500000, 0x0000000080600000|  0%| F|  |TAMS 0x0000000080500000, 0x0000000080500000| Untracked 
|   6|0x0000000080600000, 0x0000000080600000, 0x0000000080700000|  0%| F|  |TAMS 0x0000000080600000, 0x0000000080600000| Untracked 
|   7|0x0000000080700000, 0x0000000080700000, 0x0000000080800000|  0%| F|  |TAMS 0x0000000080700000, 0x0000000080700000| Untracked 
|   8|0x0000000080800000, 0x0000000080800000, 0x0000000080900000|  0%| F|  |TAMS 0x0000000080800000, 0x0000000080800000| Untracked 
|   9|0x0000000080900000, 0x0000000080900000, 0x0000000080a00000|  0%| F|  |TAMS 0x0000000080900000, 0x0000000080900000| Untracked 
|  10|0x0000000080a00000, 0x0000000080a00000, 0x0000000080b00000|  0%| F|  |TAMS 0x0000000080a00000, 0x0000000080a00000| Untracked 
|  11|0x0000000080b00000, 0x0000000080b00000, 0x0000000080c00000|  0%| F|  |TAMS 0x0000000080b00000, 0x0000000080b00000| Untracked 
|  12|0x0000000080c00000, 0x0000000080c00000, 0x0000000080d00000|  0%| F|  |TAMS 0x0000000080c00000, 0x0000000080c00000| Untracked 
|  13|0x0000000080d00000, 0x0000000080d00000, 0x0000000080e00000|  0%| F|  |TAMS 0x0000000080d00000, 0x0000000080d00000| Untracked 
|  14|0x0000000080e00000, 0x0000000080e00000, 0x0000000080f00000|  0%| F|  |TAMS 0x0000000080e00000, 0x0000000080e00000| Untracked 
|  15|0x0000000080f00000, 0x0000000080f00000, 0x0000000081000000|  0%| F|  |TAMS 0x0000000080f00000, 0x0000000080f00000| Untracked 
|  16|0x0000000081000000, 0x0000000081000000, 0x0000000081100000|  0%| F|  |TAMS 0x0000000081000000, 0x0000000081000000| Untracked 
|  17|0x0000000081100000, 0x0000000081100000, 0x0000000081200000|  0%| F|  |TAMS 0x0000000081100000, 0x0000000081100000| Untracked 
|  18|0x0000000081200000, 0x0000000081200000, 0x0000000081300000|  0%| F|  |TAMS 0x0000000081200000, 0x0000000081200000| Untracked 
|  19|0x0000000081300000, 0x0000000081300000, 0x0000000081400000|  0%| F|  |TAMS 0x0000000081300000, 0x0000000081300000| Untracked 
|  20|0x0000000081400000, 0x0000000081400000, 0x0000000081500000|  0%| F|  |TAMS 0x0000000081400000, 0x0000000081400000| Untracked 
|  21|0x0000000081500000, 0x0000000081500000, 0x0000000081600000|  0%| F|  |TAMS 0x0000000081500000, 0x0000000081500000| Untracked 
|  22|0x0000000081600000, 0x0000000081600000, 0x0000000081700000|  0%| F|  |TAMS 0x0000000081600000, 0x0000000081600000| Untracked 
|  23|0x0000000081700000, 0x0000000081700000, 0x0000000081800000|  0%| F|  |TAMS 0x0000000081700000, 0x0000000081700000| Untracked 
|  24|0x0000000081800000, 0x0000000081800000, 0x0000000081900000|  0%| F|  |TAMS 0x0000000081800000, 0x0000000081800000| Untracked 
|  25|0x0000000081900000, 0x0000000081900000, 0x0000000081a00000|  0%| F|  |TAMS 0x0000000081900000, 0x0000000081900000| Untracked 
|  26|0x0000000081a00000, 0x0000000081a00000, 0x0000000081b00000|  0%| F|  |TAMS 0x0000000081a00000, 0x0000000081a00000| Untracked 
|  27|0x0000000081b00000, 0x0000000081b00000, 0x0000000081c00000|  0%| F|  |TAMS 0x0000000081b00000, 0x0000000081b00000| Untracked 
|  28|0x0000000081c00000, 0x0000000081c00000, 0x0000000081d00000|  0%| F|  |TAMS 0x0000000081c00000, 0x0000000081c00000| Untracked 
|  29|0x0000000081d00000, 0x0000000081d00000, 0x0000000081e00000|  0%| F|  |TAMS 0x0000000081d00000, 0x0000000081d00000| Untracked 
|  30|0x0000000081e00000, 0x0000000081e00000, 0x0000000081f00000|  0%| F|  |TAMS 0x0000000081e00000, 0x0000000081e00000| Untracked 
|  31|0x0000000081f00000, 0x0000000081f00000, 0x0000000082000000|  0%| F|  |TAMS 0x0000000081f00000, 0x0000000081f00000| Untracked 
|  32|0x0000000082000000, 0x0000000082000000, 0x0000000082100000|  0%| F|  |TAMS 0x0000000082000000, 0x0000000082000000| Untracked 
|  33|0x0000000082100000, 0x0000000082100000, 0x0000000082200000|  0%| F|  |TAMS 0x0000000082100000, 0x0000000082100000| Untracked 
|  34|0x0000000082200000, 0x0000000082200000, 0x0000000082300000|  0%| F|  |TAMS 0x0000000082200000, 0x0000000082200000| Untracked 
|  35|0x0000000082300000, 0x0000000082300000, 0x0000000082400000|  0%| F|  |TAMS 0x0000000082300000, 0x0000000082300000| Untracked 
|  36|0x0000000082400000, 0x0000000082400000, 0x0000000082500000|  0%| F|  |TAMS 0x0000000082400000, 0x0000000082400000| Untracked 
|  37|0x0000000082500000, 0x0000000082500000, 0x0000000082600000|  0%| F|  |TAMS 0x0000000082500000, 0x0000000082500000| Untracked 
|  38|0x0000000082600000, 0x0000000082600000, 0x0000000082700000|  0%| F|  |TAMS 0x0000000082600000, 0x0000000082600000| Untracked 
|  39|0x0000000082700000, 0x0000000082700000, 0x0000000082800000|  0%| F|  |TAMS 0x0000000082700000, 0x0000000082700000| Untracked 
|  40|0x0000000082800000, 0x0000000082800000, 0x0000000082900000|  0%| F|  |TAMS 0x0000000082800000, 0x0000000082800000| Untracked 
|  41|0x0000000082900000, 0x0000000082900000, 0x0000000082a00000|  0%| F|  |TAMS 0x0000000082900000, 0x0000000082900000| Untracked 
|  42|0x0000000082a00000, 0x0000000082a00000, 0x0000000082b00000|  0%| F|  |TAMS 0x0000000082a00000, 0x0000000082a00000| Untracked 
|  43|0x0000000082b00000, 0x0000000082b00000, 0x0000000082c00000|  0%| F|  |TAMS 0x0000000082b00000, 0x0000000082b00000| Untracked 
|  44|0x0000000082c00000, 0x0000000082c00000, 0x0000000082d00000|  0%| F|  |TAMS 0x0000000082c00000, 0x0000000082c00000| Untracked 
|  45|0x0000000082d00000, 0x0000000082d00000, 0x0000000082e00000|  0%| F|  |TAMS 0x0000000082d00000, 0x0000000082d00000| Untracked 
|  46|0x0000000082e00000, 0x0000000082e00000, 0x0000000082f00000|  0%| F|  |TAMS 0x0000000082e00000, 0x0000000082e00000| Untracked 
|  47|0x0000000082f00000, 0x0000000082f00000, 0x0000000083000000|  0%| F|  |TAMS 0x0000000082f00000, 0x0000000082f00000| Untracked 
|  48|0x0000000083000000, 0x0000000083000000, 0x0000000083100000|  0%| F|  |TAMS 0x0000000083000000, 0x0000000083000000| Untracked 
|  49|0x0000000083100000, 0x0000000083100000, 0x0000000083200000|  0%| F|  |TAMS 0x0000000083100000, 0x0000000083100000| Untracked 
|  50|0x0000000083200000, 0x0000000083200000, 0x0000000083300000|  0%| F|  |TAMS 0x0000000083200000, 0x0000000083200000| Untracked 
|  51|0x0000000083300000, 0x0000000083300000, 0x0000000083400000|  0%| F|  |TAMS 0x0000000083300000, 0x0000000083300000| Untracked 
|  52|0x0000000083400000, 0x0000000083400000, 0x0000000083500000|  0%| F|  |TAMS 0x0000000083400000, 0x0000000083400000| Untracked 
|  53|0x0000000083500000, 0x0000000083500000, 0x0000000083600000|  0%| F|  |TAMS 0x0000000083500000, 0x0000000083500000| Untracked 
|  54|0x0000000083600000, 0x0000000083600000, 0x0000000083700000|  0%| F|  |TAMS 0x0000000083600000, 0x0000000083600000| Untracked 
|  55|0x0000000083700000, 0x0000000083700000, 0x0000000083800000|  0%| F|  |TAMS 0x0000000083700000, 0x0000000083700000| Untracked 
|  56|0x0000000083800000, 0x0000000083800000, 0x0000000083900000|  0%| F|  |TAMS 0x0000000083800000, 0x0000000083800000| Untracked 
|  57|0x0000000083900000, 0x0000000083900000, 0x0000000083a00000|  0%| F|  |TAMS 0x0000000083900000, 0x0000000083900000| Untracked 
|  58|0x0000000083a00000, 0x0000000083a00000, 0x0000000083b00000|  0%| F|  |TAMS 0x0000000083a00000, 0x0000000083a00000| Untracked 
|  59|0x0000000083b00000, 0x0000000083b00000, 0x0000000083c00000|  0%| F|  |TAMS 0x0000000083b00000, 0x0000000083b00000| Untracked 
|  60|0x0000000083c00000, 0x0000000083c00000, 0x0000000083d00000|  0%| F|  |TAMS 0x0000000083c00000, 0x0000000083c00000| Untracked 
|  61|0x0000000083d00000, 0x0000000083d00000, 0x0000000083e00000|  0%| F|  |TAMS 0x0000000083d00000, 0x0000000083d00000| Untracked 
|  62|0x0000000083e00000, 0x0000000083e00000, 0x0000000083f00000|  0%| F|  |TAMS 0x0000000083e00000, 0x0000000083e00000| Untracked 
|  63|0x0000000083f00000, 0x0000000083f00000, 0x0000000084000000|  0%| F|  |TAMS 0x0000000083f00000, 0x0000000083f00000| Untracked 
|  64|0x0000000084000000, 0x0000000084000000, 0x0000000084100000|  0%| F|  |TAMS 0x0000000084000000, 0x0000000084000000| Untracked 
|  65|0x0000000084100000, 0x0000000084100000, 0x0000000084200000|  0%| F|  |TAMS 0x0000000084100000, 0x0000000084100000| Untracked 
|  66|0x0000000084200000, 0x0000000084200000, 0x0000000084300000|  0%| F|  |TAMS 0x0000000084200000, 0x0000000084200000| Untracked 
|  67|0x0000000084300000, 0x0000000084300000, 0x0000000084400000|  0%| F|  |TAMS 0x0000000084300000, 0x0000000084300000| Untracked 
|  68|0x0000000084400000, 0x0000000084400000, 0x0000000084500000|  0%| F|  |TAMS 0x0000000084400000, 0x0000000084400000| Untracked 
|  69|0x0000000084500000, 0x0000000084500000, 0x0000000084600000|  0%| F|  |TAMS 0x0000000084500000, 0x0000000084500000| Untracked 
|  70|0x0000000084600000, 0x0000000084600000, 0x0000000084700000|  0%| F|  |TAMS 0x0000000084600000, 0x0000000084600000| Untracked 
|  71|0x0000000084700000, 0x0000000084700000, 0x0000000084800000|  0%| F|  |TAMS 0x0000000084700000, 0x0000000084700000| Untracked 
|  72|0x0000000084800000, 0x0000000084800000, 0x0000000084900000|  0%| F|  |TAMS 0x0000000084800000, 0x0000000084800000| Untracked 
|  73|0x0000000084900000, 0x0000000084900000, 0x0000000084a00000|  0%| F|  |TAMS 0x0000000084900000, 0x0000000084900000| Untracked 
|  74|0x0000000084a00000, 0x0000000084a00000, 0x0000000084b00000|  0%| F|  |TAMS 0x0000000084a00000, 0x0000000084a00000| Untracked 
|  75|0x0000000084b00000, 0x0000000084b00000, 0x0000000084c00000|  0%| F|  |TAMS 0x0000000084b00000, 0x0000000084b00000| Untracked 
|  76|0x0000000084c00000, 0x0000000084c00000, 0x0000000084d00000|  0%| F|  |TAMS 0x0000000084c00000, 0x0000000084c00000| Untracked 
|  77|0x0000000084d00000, 0x0000000084d00000, 0x0000000084e00000|  0%| F|  |TAMS 0x0000000084d00000, 0x0000000084d00000| Untracked 
|  78|0x0000000084e00000, 0x0000000084e00000, 0x0000000084f00000|  0%| F|  |TAMS 0x0000000084e00000, 0x0000000084e00000| Untracked 
|  79|0x0000000084f00000, 0x0000000084f00000, 0x0000000085000000|  0%| F|  |TAMS 0x0000000084f00000, 0x0000000084f00000| Untracked 
|  80|0x0000000085000000, 0x0000000085000000, 0x0000000085100000|  0%| F|  |TAMS 0x0000000085000000, 0x0000000085000000| Untracked 
|  81|0x0000000085100000, 0x0000000085100000, 0x0000000085200000|  0%| F|  |TAMS 0x0000000085100000, 0x0000000085100000| Untracked 
|  82|0x0000000085200000, 0x0000000085200000, 0x0000000085300000|  0%| F|  |TAMS 0x0000000085200000, 0x0000000085200000| Untracked 
|  83|0x0000000085300000, 0x0000000085300000, 0x0000000085400000|  0%| F|  |TAMS 0x0000000085300000, 0x0000000085300000| Untracked 
|  84|0x0000000085400000, 0x0000000085400000, 0x0000000085500000|  0%| F|  |TAMS 0x0000000085400000, 0x0000000085400000| Untracked 
|  85|0x0000000085500000, 0x0000000085500000, 0x0000000085600000|  0%| F|  |TAMS 0x0000000085500000, 0x0000000085500000| Untracked 
|  86|0x0000000085600000, 0x0000000085600000, 0x0000000085700000|  0%| F|  |TAMS 0x0000000085600000, 0x0000000085600000| Untracked 
|  87|0x0000000085700000, 0x0000000085700000, 0x0000000085800000|  0%| F|  |TAMS 0x0000000085700000, 0x0000000085700000| Untracked 
|  88|0x0000000085800000, 0x0000000085800000, 0x0000000085900000|  0%| F|  |TAMS 0x0000000085800000, 0x0000000085800000| Untracked 
|  89|0x0000000085900000, 0x0000000085900000, 0x0000000085a00000|  0%| F|  |TAMS 0x0000000085900000, 0x0000000085900000| Untracked 
|  90|0x0000000085a00000, 0x0000000085a00000, 0x0000000085b00000|  0%| F|  |TAMS 0x0000000085a00000, 0x0000000085a00000| Untracked 
|  91|0x0000000085b00000, 0x0000000085b00000, 0x0000000085c00000|  0%| F|  |TAMS 0x0000000085b00000, 0x0000000085b00000| Untracked 
|  92|0x0000000085c00000, 0x0000000085c00000, 0x0000000085d00000|  0%| F|  |TAMS 0x0000000085c00000, 0x0000000085c00000| Untracked 
|  93|0x0000000085d00000, 0x0000000085d00000, 0x0000000085e00000|  0%| F|  |TAMS 0x0000000085d00000, 0x0000000085d00000| Untracked 
|  94|0x0000000085e00000, 0x0000000085e00000, 0x0000000085f00000|  0%| F|  |TAMS 0x0000000085e00000, 0x0000000085e00000| Untracked 
|  95|0x0000000085f00000, 0x0000000085f00000, 0x0000000086000000|  0%| F|  |TAMS 0x0000000085f00000, 0x0000000085f00000| Untracked 
|  96|0x0000000086000000, 0x0000000086000000, 0x0000000086100000|  0%| F|  |TAMS 0x0000000086000000, 0x0000000086000000| Untracked 
|  97|0x0000000086100000, 0x0000000086100000, 0x0000000086200000|  0%| F|  |TAMS 0x0000000086100000, 0x0000000086100000| Untracked 
|  98|0x0000000086200000, 0x0000000086200000, 0x0000000086300000|  0%| F|  |TAMS 0x0000000086200000, 0x0000000086200000| Untracked 
|  99|0x0000000086300000, 0x0000000086300000, 0x0000000086400000|  0%| F|  |TAMS 0x0000000086300000, 0x0000000086300000| Untracked 
| 100|0x0000000086400000, 0x0000000086400000, 0x0000000086500000|  0%| F|  |TAMS 0x0000000086400000, 0x0000000086400000| Untracked 
| 101|0x0000000086500000, 0x0000000086500000, 0x0000000086600000|  0%| F|  |TAMS 0x0000000086500000, 0x0000000086500000| Untracked 
| 102|0x0000000086600000, 0x0000000086600000, 0x0000000086700000|  0%| F|  |TAMS 0x0000000086600000, 0x0000000086600000| Untracked 
| 103|0x0000000086700000, 0x0000000086700000, 0x0000000086800000|  0%| F|  |TAMS 0x0000000086700000, 0x0000000086700000| Untracked 
| 104|0x0000000086800000, 0x0000000086800000, 0x0000000086900000|  0%| F|  |TAMS 0x0000000086800000, 0x0000000086800000| Untracked 
| 105|0x0000000086900000, 0x0000000086900000, 0x0000000086a00000|  0%| F|  |TAMS 0x0000000086900000, 0x0000000086900000| Untracked 
| 106|0x0000000086a00000, 0x0000000086a00000, 0x0000000086b00000|  0%| F|  |TAMS 0x0000000086a00000, 0x0000000086a00000| Untracked 
| 107|0x0000000086b00000, 0x0000000086b00000, 0x0000000086c00000|  0%| F|  |TAMS 0x0000000086b00000, 0x0000000086b00000| Untracked 
| 108|0x0000000086c00000, 0x0000000086c00000, 0x0000000086d00000|  0%| F|  |TAMS 0x0000000086c00000, 0x0000000086c00000| Untracked 
| 109|0x0000000086d00000, 0x0000000086d00000, 0x0000000086e00000|  0%| F|  |TAMS 0x0000000086d00000, 0x0000000086d00000| Untracked 
| 110|0x0000000086e00000, 0x0000000086e00000, 0x0000000086f00000|  0%| F|  |TAMS 0x0000000086e00000, 0x0000000086e00000| Untracked 
| 111|0x0000000086f00000, 0x0000000086f00000, 0x0000000087000000|  0%| F|  |TAMS 0x0000000086f00000, 0x0000000086f00000| Untracked 
| 112|0x0000000087000000, 0x0000000087000000, 0x0000000087100000|  0%| F|  |TAMS 0x0000000087000000, 0x0000000087000000| Untracked 
| 113|0x0000000087100000, 0x0000000087100000, 0x0000000087200000|  0%| F|  |TAMS 0x0000000087100000, 0x0000000087100000| Untracked 
| 114|0x0000000087200000, 0x0000000087200000, 0x0000000087300000|  0%| F|  |TAMS 0x0000000087200000, 0x0000000087200000| Untracked 
| 115|0x0000000087300000, 0x0000000087300000, 0x0000000087400000|  0%| F|  |TAMS 0x0000000087300000, 0x0000000087300000| Untracked 
| 116|0x0000000087400000, 0x0000000087400000, 0x0000000087500000|  0%| F|  |TAMS 0x0000000087400000, 0x0000000087400000| Untracked 
| 117|0x0000000087500000, 0x0000000087500000, 0x0000000087600000|  0%| F|  |TAMS 0x0000000087500000, 0x0000000087500000| Untracked 
| 118|0x0000000087600000, 0x0000000087600000, 0x0000000087700000|  0%| F|  |TAMS 0x0000000087600000, 0x0000000087600000| Untracked 
| 119|0x0000000087700000, 0x0000000087700000, 0x0000000087800000|  0%| F|  |TAMS 0x0000000087700000, 0x0000000087700000| Untracked 
| 120|0x0000000087800000, 0x0000000087800000, 0x0000000087900000|  0%| F|  |TAMS 0x0000000087800000, 0x0000000087800000| Untracked 
| 121|0x0000000087900000, 0x0000000087900000, 0x0000000087a00000|  0%| F|  |TAMS 0x0000000087900000, 0x0000000087900000| Untracked 
| 122|0x0000000087a00000, 0x0000000087a00000, 0x0000000087b00000|  0%| F|  |TAMS 0x0000000087a00000, 0x0000000087a00000| Untracked 
| 123|0x0000000087b00000, 0x0000000087b00000, 0x0000000087c00000|  0%| F|  |TAMS 0x0000000087b00000, 0x0000000087b00000| Untracked 
| 124|0x0000000087c00000, 0x0000000087c00000, 0x0000000087d00000|  0%| F|  |TAMS 0x0000000087c00000, 0x0000000087c00000| Untracked 
| 125|0x0000000087d00000, 0x0000000087d00000, 0x0000000087e00000|  0%| F|  |TAMS 0x0000000087d00000, 0x0000000087d00000| Untracked 
| 126|0x0000000087e00000, 0x0000000087f00000, 0x0000000087f00000|100%| E|  |TAMS 0x0000000087e00000, 0x0000000087e00000| Complete 
| 127|0x0000000087f00000, 0x0000000088000000, 0x0000000088000000|100%| E|CS|TAMS 0x0000000087f00000, 0x0000000087f00000| Complete 

Card table byte_map: [0x0000018b75270000,0x0000018b75670000] _byte_map_base: 0x0000018b74e70000

Marking Bits (Prev, Next): (CMBitMap*) 0x0000018b5e7c07c8, (CMBitMap*) 0x0000018b5e7c0800
 Prev Bits: [0x0000018b75a70000, 0x0000018b77a70000)
 Next Bits: [0x0000018b77a70000, 0x0000018b79a70000)

Polling page: 0x0000018b5c5c0000

Metaspace:

Usage:
  Non-class:      5.30 MB capacity,     5.23 MB ( 99%) used,    67.15 KB (  1%) free+waste,     3.06 KB ( <1%) overhead. 
      Class:    536.00 KB capacity,   509.74 KB ( 95%) used,    24.76 KB (  5%) free+waste,     1.50 KB ( <1%) overhead. 
       Both:      5.82 MB capacity,     5.73 MB ( 98%) used,    91.91 KB (  2%) free+waste,     4.56 KB ( <1%) overhead. 

Virtual space:
  Non-class space:        8.00 MB reserved,       5.50 MB ( 69%) committed 
      Class space:        1.00 GB reserved,     640.00 KB ( <1%) committed 
             Both:        1.01 GB reserved,       6.12 MB ( <1%) committed 

Chunk freelists:
   Non-Class:  1.88 KB
       Class:  1.00 KB
        Both:  2.88 KB

CodeHeap 'non-profiled nmethods': size=120064Kb used=56Kb max_used=56Kb free=120008Kb
 bounds [0x0000018b6d930000, 0x0000018b6dba0000, 0x0000018b74e70000]
CodeHeap 'profiled nmethods': size=120000Kb used=231Kb max_used=231Kb free=119769Kb
 bounds [0x0000018b66400000, 0x0000018b66670000, 0x0000018b6d930000]
CodeHeap 'non-nmethods': size=5696Kb used=1062Kb max_used=1062Kb free=4633Kb
 bounds [0x0000018b65e70000, 0x0000018b660e0000, 0x0000018b66400000]
 total_blobs=542 nmethods=204 adapters=250
 compilation: enabled
              stopped_count=0, restarted_count=0
 full_count=0

Compilation events (10 events):
Event: 0.125 Thread 0x0000018b7bf7f000  200       3       sun.nio.fs.WindowsPathParser::isSlash (18 bytes)
Event: 0.125 Thread 0x0000018b7bf7f000 nmethod 200 0x0000018b66437d10 code [0x0000018b66437ea0, 0x0000018b66438018]
Event: 0.125 Thread 0x0000018b7bf7f000  201       3       sun.nio.fs.WindowsPathParser::isInvalidPathChar (22 bytes)
Event: 0.125 Thread 0x0000018b7bf7f000 nmethod 201 0x0000018b66438090 code [0x0000018b66438260, 0x0000018b66438588]
Event: 0.125 Thread 0x0000018b7bf7f000  202       3       java.util.Collections$UnmodifiableCollection$1::next (10 bytes)
Event: 0.125 Thread 0x0000018b7bf7f000 nmethod 202 0x0000018b66438710 code [0x0000018b664388c0, 0x0000018b66438a88]
Event: 0.126 Thread 0x0000018b7bf7f000  203       3       java.lang.String::equals (65 bytes)
Event: 0.126 Thread 0x0000018b7bf7f000 nmethod 203 0x0000018b66438b90 code [0x0000018b66438d80, 0x0000018b664393d8]
Event: 0.126 Thread 0x0000018b7bf7f000  204       3       java.lang.String::getBytes (44 bytes)
Event: 0.126 Thread 0x0000018b7bf7f000 nmethod 204 0x0000018b66439590 code [0x0000018b66439760, 0x0000018b66439a98]

GC Heap History (0 events):
No events

Deoptimization events (2 events):
Event: 0.115 Thread 0x0000018b5e780000 Uncommon trap: reason=unstable_if action=reinterpret pc=0x0000018b6d937ca8 method=java.lang.String.hashCode()I @ 22 c2
Event: 0.124 Thread 0x0000018b5e780000 Uncommon trap: reason=unstable_if action=reinterpret pc=0x0000018b6d9395a8 method=java.lang.String.equals(Ljava/lang/Object;)Z @ 27 c2

Classes redefined (0 events):
No events

Internal exceptions (3 events):
Event: 0.125 Thread 0x0000018b5e780000 Exception <a 'java/lang/IllegalArgumentException'{0x0000000087eda440}> (0x0000000087eda440) thrown at [./open/src/hotspot/share/prims/jni.cpp, line 611]
Event: 0.125 Thread 0x0000018b5e780000 Exception <a 'java/lang/IllegalArgumentException'{0x0000000087eda440}> (0x0000000087eda440) thrown at [./open/src/hotspot/share/prims/jni.cpp, line 611]
Event: 0.125 Thread 0x0000018b5e780000 Exception <a 'java/lang/reflect/InvocationTargetException'{0x0000000087eda798}> (0x0000000087eda798) thrown at [./open/src/hotspot/share/runtime/reflection.cpp, line 1240]

Events (10 events):
Event: 0.124 loading class sun/nio/fs/ExtendedFileSystemProvider
Event: 0.124 loading class sun/nio/fs/ExtendedFileSystemProvider done
Event: 0.125 loading class java/lang/reflect/InvocationTargetException
Event: 0.125 loading class java/lang/reflect/InvocationTargetException done
Event: 0.125 loading class java/lang/Throwable$WrappedPrintStream
Event: 0.125 loading class java/lang/Throwable$PrintStreamOrWriter
Event: 0.125 loading class java/lang/Throwable$PrintStreamOrWriter done
Event: 0.125 loading class java/lang/Throwable$WrappedPrintStream done
Event: 0.125 loading class java/lang/StackTraceElement$HashedModules
Event: 0.125 loading class java/lang/StackTraceElement$HashedModules done


Dynamic libraries:
0x00007ff65fc50000 - 0x00007ff65fc60000 	C:\Program Files\Java\jdk-11\bin\java.exe
0x00007ff93ce30000 - 0x00007ff93d028000 	C:\windows\SYSTEM32\ntdll.dll
0x00007ff93c820000 - 0x00007ff93c8dd000 	C:\windows\System32\KERNEL32.DLL
0x00007ff93a810000 - 0x00007ff93ab06000 	C:\windows\System32\KERNELBASE.dll
0x00007ff93ace0000 - 0x00007ff93ade0000 	C:\windows\System32\ucrtbase.dll
0x00007ff934b60000 - 0x00007ff934b79000 	C:\Program Files\Java\jdk-11\bin\jli.dll
0x00007ff934b40000 - 0x00007ff934b5b000 	C:\Program Files\Java\jdk-11\bin\VCRUNTIME140.dll
0x00007ff93c560000 - 0x00007ff93c60f000 	C:\windows\System32\ADVAPI32.dll
0x00007ff93b5e0000 - 0x00007ff93b67e000 	C:\windows\System32\msvcrt.dll
0x00007ff93be60000 - 0x00007ff93befc000 	C:\windows\System32\sechost.dll
0x00007ff93bf60000 - 0x00007ff93c086000 	C:\windows\System32\RPCRT4.dll
0x00007ff93ae90000 - 0x00007ff93b02e000 	C:\windows\System32\USER32.dll
0x00007ff93a630000 - 0x00007ff93a652000 	C:\windows\System32\win32u.dll
0x00007ff91df80000 - 0x00007ff91e21a000 	C:\windows\WinSxS\amd64_microsoft.windows.common-controls_6595b64144ccf1df_6.0.19041.3636_none_60b6a03d71f818d5\COMCTL32.dll
0x00007ff93c090000 - 0x00007ff93c0bc000 	C:\windows\System32\GDI32.dll
0x00007ff93a510000 - 0x00007ff93a62a000 	C:\windows\System32\gdi32full.dll
0x00007ff93a720000 - 0x00007ff93a7bd000 	C:\windows\System32\msvcp_win.dll
0x00007ff9287b0000 - 0x00007ff9287ba000 	C:\windows\SYSTEM32\VERSION.dll
0x00007ff93c7f0000 - 0x00007ff93c820000 	C:\windows\System32\IMM32.DLL
0x00007ff920ad0000 - 0x00007ff920adc000 	C:\Program Files\Java\jdk-11\bin\vcruntime140_1.dll
0x00007ff906b20000 - 0x00007ff906bae000 	C:\Program Files\Java\jdk-11\bin\msvcp140.dll
0x00007ff8e4d90000 - 0x00007ff8e58fd000 	C:\Program Files\Java\jdk-11\bin\server\jvm.dll
0x00007ff93c4a0000 - 0x00007ff93c4a8000 	C:\windows\System32\PSAPI.DLL
0x00007ff9174c0000 - 0x00007ff9174e7000 	C:\windows\SYSTEM32\WINMM.dll
0x00007ff933340000 - 0x00007ff933349000 	C:\windows\SYSTEM32\WSOCK32.dll
0x00007ff93c0c0000 - 0x00007ff93c12b000 	C:\windows\System32\WS2_32.dll
0x00007ff938db0000 - 0x00007ff938dc2000 	C:\windows\SYSTEM32\kernel.appcore.dll
0x00007ff91d780000 - 0x00007ff91d790000 	C:\Program Files\Java\jdk-11\bin\verify.dll
0x00007ff938a90000 - 0x00007ff938c74000 	C:\windows\SYSTEM32\DBGHELP.DLL
0x00007ff917710000 - 0x00007ff917744000 	C:\windows\SYSTEM32\dbgcore.DLL
0x00007ff93a660000 - 0x00007ff93a6e2000 	C:\windows\System32\bcryptPrimitives.dll
0x00007ff917850000 - 0x00007ff917878000 	C:\Program Files\Java\jdk-11\bin\java.dll
0x00007ff91d5c0000 - 0x00007ff91d5ca000 	C:\Program Files\Java\jdk-11\bin\jimage.dll
0x00007ff933300000 - 0x00007ff93330e000 	C:\Program Files\Java\jdk-11\bin\instrument.dll
0x00007ff917a30000 - 0x00007ff917a47000 	C:\Program Files\Java\jdk-11\bin\zip.dll
0x00007ff93b700000 - 0x00007ff93be44000 	C:\windows\System32\SHELL32.dll
0x00007ff938010000 - 0x00007ff9387ab000 	C:\windows\SYSTEM32\windows.storage.dll
0x00007ff93ca90000 - 0x00007ff93cde4000 	C:\windows\System32\combase.dll
0x00007ff939ee0000 - 0x00007ff939f0d000 	C:\windows\SYSTEM32\Wldp.dll
0x00007ff93c740000 - 0x00007ff93c7ed000 	C:\windows\System32\SHCORE.dll
0x00007ff93b580000 - 0x00007ff93b5d5000 	C:\windows\System32\shlwapi.dll
0x00007ff93a440000 - 0x00007ff93a465000 	C:\windows\SYSTEM32\profapi.dll
0x00007ff916020000 - 0x00007ff916039000 	C:\Program Files\Java\jdk-11\bin\net.dll
0x00007ff931a60000 - 0x00007ff931b6a000 	C:\windows\SYSTEM32\WINHTTP.dll
0x00007ff939be0000 - 0x00007ff939c4a000 	C:\windows\system32\mswsock.dll
0x00007ff916000000 - 0x00007ff916012000 	C:\Program Files\Java\jdk-11\bin\nio.dll

dbghelp: loaded successfully - version: 4.0.5 - missing functions: none
symbol engine: initialized successfully - sym options: 0x614 - pdb path: .;C:\Program Files\Java\jdk-11\bin;C:\windows\SYSTEM32;C:\windows\WinSxS\amd64_microsoft.windows.common-controls_6595b64144ccf1df_6.0.19041.3636_none_60b6a03d71f818d5;C:\Program Files\Java\jdk-11\bin\server

VM Arguments:
jvm_args: -XX:+IgnoreUnrecognizedVMOptions -Xms128m -Xmx2048m -Dsun.io.useCanonCaches=false -Dsun.java2d.metal=true -Djbr.catch.SIGABRT=true -Djdk.http.auth.tunneling.disabledSchemes="" -Djdk.attach.allowAttachSelf=true -Djdk.module.illegalAccess.silent=true -Dkotlinx.coroutines.debug=off -Xmx2048m -Dconsole.encoding=UTF-8 -Dfile.encoding=UTF-8 -Djna.boot.library.path=C:\Program Files\JetBrains\IntelliJ IDEA 2023.2/lib/jna/amd64 -Dpty4j.preferred.native.folder=C:\Program Files\JetBrains\IntelliJ IDEA 2023.2/lib/pty4j -Djna.nosys=true -Djna.noclasspath=true -Dsplash=true -Daether.connector.resumeDownloads=false -Dide.native.launcher=true -Djcef.sandbox.ptr=000002D3CC9E4160 -ea -javaagent:C:\Users\Користувач\AppData\Roaming\JetBrains\IntelliJIdea2023.2\plugins\diffblue-cover-ij\lib\launcher-2023.11.02-shared-jar.jar -Dlogback.configurationFile=C:\Users\BB3F~1\AppData\Local\Temp\diffblue\config\logback-remote-service.xml -Dcom.diffblue.springIsolationJar=C:\Users\Користувач\AppData\Roaming\JetBrains\IntelliJIdea2023.2\plugins\diffblue-cover-ij\META-INF\cover-isolation-layer-2023.11.02.jar -Dcover.jar.path=C:\Users\Користувач\AppData\Roaming\JetBrains\IntelliJIdea2023.2\plugins\diffblue-cover-ij\META-INF\cover-service-analyzer-2023.11.02.jar -Dcom.diffblue.assertionSuggestionJar=C:\Users\Користувач\AppData\Roaming\JetBrains\IntelliJIdea2023.2\plugins\diffblue-cover-ij\META-INF\cover-service-analyzer-2023.11.02.jar -Dcover.main.class=com.diffblue.cover.service.analyzer.Main 
java_command: C:\Users\Користувач\AppData\Roaming\JetBrains\IntelliJIdea2023.2\plugins\diffblue-cover-ij\lib\launcher-2023.11.02-shared-jar.jar --service-lifespan 1800 --monitoring-service-port 51589 --debug-log
java_class_path (initial): C:\Users\Користувач\AppData\Roaming\JetBrains\IntelliJIdea2023.2\plugins\diffblue-cover-ij\lib\launcher-2023.11.02-shared-jar.jar
Launcher Type: SUN_STANDARD

[Global flags]
     intx CICompilerCount                          = 3                                         {product} {ergonomic}
     uint ConcGCThreads                            = 1                                         {product} {ergonomic}
     uint G1ConcRefinementThreads                  = 4                                         {product} {ergonomic}
   size_t G1HeapRegionSize                         = 1048576                                   {product} {ergonomic}
    uintx GCDrainStackTargetSize                   = 64                                        {product} {ergonomic}
     bool IgnoreUnrecognizedVMOptions              = true                                      {product} {command line}
   size_t InitialHeapSize                          = 134217728                                 {product} {command line}
   size_t MarkStackSize                            = 4194304                                   {product} {ergonomic}
   size_t MaxHeapSize                              = 2147483648                                {product} {command line}
   size_t MaxNewSize                               = 1287651328                                {product} {ergonomic}
   size_t MinHeapDeltaBytes                        = 1048576                                   {product} {ergonomic}
    uintx NonNMethodCodeHeapSize                   = 5830732                                {pd product} {ergonomic}
    uintx NonProfiledCodeHeapSize                  = 122913754                              {pd product} {ergonomic}
    uintx ProfiledCodeHeapSize                     = 122913754                              {pd product} {ergonomic}
    uintx ReservedCodeCacheSize                    = 251658240                              {pd product} {ergonomic}
     bool SegmentedCodeCache                       = true                                      {product} {ergonomic}
     bool UseCompressedClassPointers               = true                                 {lp64_product} {ergonomic}
     bool UseCompressedOops                        = true                                 {lp64_product} {ergonomic}
     bool UseG1GC                                  = true                                      {product} {ergonomic}
     bool UseLargePagesIndividualAllocation        = false                                  {pd product} {ergonomic}

Logging:
Log output configuration:
 #0: stdout all=warning uptime,level,tags
 #1: stderr all=off uptime,level,tags

Environment Variables:
JAVA_HOME=C:\Program Files\Java\jdk-11
PATH=C:\Program Files\Common Files\Oracle\Java\javapath;C:\Program Files (x86)\Common Files\Oracle\Java\javapath;C:\windows\system32;C:\windows;C:\windows\System32\Wbem;C:\windows\System32\WindowsPowerShell\v1.0\;C:\windows\System32\OpenSSH\;C:\Program Files\apache-maven-3.9.4-bin\apache-maven-3.9.4\bin;C:\Program Files\PuTTY\;C:\Program Files\Git\cmd;C:\Users\Користувач\AppData\Local\Microsoft\WindowsApps;;C:\Program Files\JetBrains\IntelliJ IDEA Community Edition 2022.3.2\bin;;C:\Program Files\JetBrains\IntelliJ IDEA 2023.2\bin;
USERNAME=Користувач
OS=Windows_NT
PROCESSOR_IDENTIFIER=Intel64 Family 6 Model 140 Stepping 1, GenuineIntel



---------------  S Y S T E M  ---------------

OS: Windows 10 , 64 bit Build 19041 (10.0.19041.3636)

CPU:total 4 (initial active 4) (2 cores per cpu, 2 threads per core) family 6 model 140 stepping 1 microcode 0x86, cmov, cx8, fxsr, mmx, sse, sse2, sse3, ssse3, sse4.1, sse4.2, popcnt, avx, avx2, aes, clmul, erms, 3dnowpref, lzcnt, ht, tsc, tscinvbit, bmi1, bmi2, adx, evex, sha, fma

Memory: 4k page, system-wide physical 7948M (271M free)
TotalPageFile size 25356M (AvailPageFile size 14606M)
current process WorkingSet (physical memory assigned to process): 35M, peak: 35M
current process commit charge ("private bytes"): 198M, peak: 198M

vm_info: Java HotSpot(TM) 64-Bit Server VM (11.0.20+9-LTS-256) for windows-amd64 JRE (11.0.20+9-LTS-256), built on Jun 14 2023 10:34:22 by "mach5one" with MS VC++ 17.1 (VS2022)

END.
